<?xml version="1.0" encoding="UTF-8"?>
<testng-results ignored="0" total="2" passed="2" failed="0" skipped="0">
  <reporter-output>
  </reporter-output>
  <suite started-at="2022-07-25T11:08:42Z" name="Suite" finished-at="2022-07-25T11:08:46Z" duration-ms="4691">
    <groups>
    </groups>
    <test started-at="2022-07-25T11:08:42Z" name="Test" finished-at="2022-07-25T11:08:46Z" duration-ms="4691">
      <class name="testcases.TC01">
        <test-method signature="init()[pri:0, instance:testcases.TC01@11f0a5a1]" started-at="2022-07-25T11:08:42Z" name="init" finished-at="2022-07-25T11:08:44Z" duration-ms="2594" status="PASS">
          <reporter-output>
          </reporter-output>
        </test-method> <!-- init -->
      </class> <!-- testcases.TC01 -->
      <class name="testcases.TC02">
        <test-method signature="init()[pri:0, instance:testcases.TC02@10f7f7de]" started-at="2022-07-25T11:08:44Z" name="init" finished-at="2022-07-25T11:08:46Z" duration-ms="2063" status="PASS">
          <reporter-output>
          </reporter-output>
        </test-method> <!-- init -->
      </class> <!-- testcases.TC02 -->
    </test> <!-- Test -->
  </suite> <!-- Suite -->
</testng-results>
